#
# There is insufficient memory for the Java Runtime Environment to continue.
# Native memory allocation (mmap) failed to map 42115072 bytes for committing reserved memory.
# Possible reasons:
#   The system is out of physical RAM or swap space
#   In 32 bit mode, the process size limit was hit
# Possible solutions:
#   Reduce memory load on the system
#   Increase physical memory or swap space
#   Check if swap backing store is full
#   Use 64 bit Java on a 64 bit OS
#   Decrease Java heap size (-Xmx/-Xms)
#   Decrease number of Java threads
#   Decrease Java thread stack sizes (-Xss)
#   Set larger code cache with -XX:ReservedCodeCacheSize=
# This output file may be truncated or incomplete.
#
#  Out of Memory Error (os_linux.cpp:2643), pid=2855, tid=0x00007f51569e5700
#
# JRE version: OpenJDK Runtime Environment (8.0_171-b11) (build 1.8.0_171-8u171-b11-0ubuntu0.16.04.1-b11)
# Java VM: OpenJDK 64-Bit Server VM (25.171-b11 mixed mode linux-amd64 compressed oops)
# Failed to write core dump. Core dumps have been disabled. To enable core dumping, try "ulimit -c unlimited" before starting Java again
#

---------------  T H R E A D  ---------------

Current thread (0x00007f516806f000):  VMThread [stack: 0x00007f51568e5000,0x00007f51569e6000] [id=2857]

Stack: [0x00007f51568e5000,0x00007f51569e6000],  sp=0x00007f51569e4520,  free space=1021k
Native frames: (J=compiled Java code, j=interpreted, Vv=VM code, C=native code)
V  [libjvm.so+0xa6db9b]
V  [libjvm.so+0x4c694c]
V  [libjvm.so+0x8ba818]
V  [libjvm.so+0x8b4bae]
V  [libjvm.so+0xa6a484]
V  [libjvm.so+0x5cb47d]
V  [libjvm.so+0x5cc01d]
V  [libjvm.so+0x5b89e8]
V  [libjvm.so+0x44e39f]
V  [libjvm.so+0xa6eca1]
V  [libjvm.so+0xa74a07]
V  [libjvm.so+0xa72107]
V  [libjvm.so+0xa7358f]
V  [libjvm.so+0xa73a81]
V  [libjvm.so+0x8b7c22]

VM_Operation (0x00007f516e8d6d40): GenCollectForAllocation, mode: safepoint, requested by thread 0x00007f516800b000


---------------  P R O C E S S  ---------------

Java Threads: ( => current thread )
  0x00007f51680be800 JavaThread "Service Thread" daemon [_thread_blocked, id=2863, stack(0x00007f5155920000,0x00007f5155a21000)]
  0x00007f51680b1000 JavaThread "C1 CompilerThread1" daemon [_thread_blocked, id=2862, stack(0x00007f5155a21000,0x00007f5155b22000)]
  0x00007f51680af000 JavaThread "C2 CompilerThread0" daemon [_thread_blocked, id=2861, stack(0x00007f5155b22000,0x00007f5155c23000)]
  0x00007f51680ad800 JavaThread "Signal Dispatcher" daemon [_thread_blocked, id=2860, stack(0x00007f5155c23000,0x00007f5155d24000)]
  0x00007f516807b800 JavaThread "Finalizer" daemon [_thread_blocked, id=2859, stack(0x00007f51566e3000,0x00007f51567e4000)]
  0x00007f5168076800 JavaThread "Reference Handler" daemon [_thread_blocked, id=2858, stack(0x00007f51567e4000,0x00007f51568e5000)]
  0x00007f516800b000 JavaThread "main" [_thread_blocked, id=2856, stack(0x00007f516e7d9000,0x00007f516e8da000)]

Other Threads:
=>0x00007f516806f000 VMThread [stack: 0x00007f51568e5000,0x00007f51569e6000] [id=2857]
  0x00007f51680c9800 WatcherThread [stack: 0x00007f515581f000,0x00007f5155920000] [id=2864]

VM state:at safepoint (normal execution)

VM Mutex/Monitor currently owned by a thread:  ([mutex/lock_event])
[0x00007f5168007560] Threads_lock - owner thread: 0x00007f516806f000
[0x00007f5168007a60] Heap_lock - owner thread: 0x00007f516800b000

Heap:
 def new generation   total 28224K, used 0K [0x0000000700000000, 0x0000000701e90000, 0x0000000740000000)
  eden space 25152K,   0% used [0x0000000700000000, 0x0000000700000000, 0x0000000701890000)
  from space 3072K,   0% used [0x0000000701890000, 0x0000000701890000, 0x0000000701b90000)
  to   space 3072K,   0% used [0x0000000701b90000, 0x0000000701b90000, 0x0000000701e90000)
 tenured generation   total 62864K, used 62392K [0x0000000740000000, 0x0000000743d64000, 0x00000007c0000000)
   the space 62864K,  99% used [0x0000000740000000, 0x0000000743cee3d0, 0x0000000743cee400, 0x0000000743d64000)
 Metaspace       used 6625K, capacity 6824K, committed 6912K, reserved 1056768K
  class space    used 707K, capacity 762K, committed 768K, reserved 1048576K

Card table byte_map: [0x00007f51577b6000,0x00007f5157db7000] byte_map_base: 0x00007f5153fb6000

Polling page: 0x00007f516e8f3000

CodeCache: size=245760Kb used=2480Kb max_used=2490Kb free=243279Kb
 bounds [0x00007f5158177000, 0x00007f51583f7000, 0x00007f5167177000]
 total_blobs=906 nmethods=617 adapters=203
 compilation: enabled

Compilation events (10 events):
Event: 7.646 Thread 0x00007f51680b1000 nmethod 620% 0x00007f51583ddfd0 code [0x00007f51583de400, 0x00007f51583e0398]
Event: 7.646 Thread 0x00007f51680b1000  621       3       java.util.HashMap::readObject (266 bytes)
Event: 7.655 Thread 0x00007f51680b1000 nmethod 621 0x00007f51583e15d0 code [0x00007f51583e1a00, 0x00007f51583e38f8]
Event: 13.700 Thread 0x00007f51680b1000  622   !   3       java.util.zip.Inflater::setInput (74 bytes)
Event: 13.700 Thread 0x00007f51680af000  625 %     4       java.util.HashMap::readObject @ 225 (266 bytes)
Event: 13.820 Thread 0x00007f51680b1000 nmethod 622 0x00007f51583cf2d0 code [0x00007f51583cf480, 0x00007f51583cf9f0]
Event: 13.820 Thread 0x00007f51680b1000  623       3       java.io.FilterInputStream::available (8 bytes)
Event: 13.820 Thread 0x00007f51680b1000 nmethod 623 0x00007f51583d2f50 code [0x00007f51583d30c0, 0x00007f51583d32e0]
Event: 13.820 Thread 0x00007f51680b1000  624       3       java.util.zip.ZipFile$ZipFileInflaterInputStream::available (41 bytes)
Event: 13.820 Thread 0x00007f51680b1000 nmethod 624 0x00007f51583d8150 code [0x00007f51583d82e0, 0x00007f51583d87e0]

GC Heap History (10 events):
Event: 6.734 GC heap after
Heap after GC invocations=7 (full 1):
 def new generation   total 9920K, used 1088K [0x0000000700000000, 0x0000000700ac0000, 0x0000000740000000)
  eden space 8832K,   0% used [0x0000000700000000, 0x0000000700000000, 0x00000007008a0000)
  from space 1088K, 100% used [0x00000007009b0000, 0x0000000700ac0000, 0x0000000700ac0000)
  to   space 1088K,   0% used [0x00000007008a0000, 0x00000007008a0000, 0x00000007009b0000)
 tenured generation   total 21992K, used 18106K [0x0000000740000000, 0x000000074157a000, 0x00000007c0000000)
   the space 21992K,  82% used [0x0000000740000000, 0x00000007411aebb0, 0x00000007411aec00, 0x000000074157a000)
 Metaspace       used 6408K, capacity 6564K, committed 6656K, reserved 1056768K
  class space    used 680K, capacity 740K, committed 768K, reserved 1048576K
}
Event: 7.115 GC heap before
{Heap before GC invocations=7 (full 1):
 def new generation   total 9920K, used 8412K [0x0000000700000000, 0x0000000700ac0000, 0x0000000740000000)
  eden space 8832K,  82% used [0x0000000700000000, 0x0000000700727188, 0x00000007008a0000)
  from space 1088K, 100% used [0x00000007009b0000, 0x0000000700ac0000, 0x0000000700ac0000)
  to   space 1088K,   0% used [0x00000007008a0000, 0x00000007008a0000, 0x00000007009b0000)
 tenured generation   total 21992K, used 18106K [0x0000000740000000, 0x000000074157a000, 0x00000007c0000000)
   the space 21992K,  82% used [0x0000000740000000, 0x00000007411aebb0, 0x00000007411aec00, 0x000000074157a000)
 Metaspace       used 6587K, capacity 6760K, committed 6912K, reserved 1056768K
  class space    used 707K, capacity 762K, committed 768K, reserved 1048576K
Event: 7.265 GC heap after
Heap after GC invocations=8 (full 2):
 def new generation   total 16832K, used 328K [0x0000000700000000, 0x0000000701240000, 0x0000000740000000)
  eden space 14976K,   2% used [0x0000000700000000, 0x0000000700052140, 0x0000000700ea0000)
  from space 1856K,   0% used [0x0000000700ea0000, 0x0000000700ea0000, 0x0000000701070000)
  to   space 1856K,   0% used [0x0000000701070000, 0x0000000701070000, 0x0000000701240000)
 tenured generation   total 37296K, used 22375K [0x0000000740000000, 0x000000074246c000, 0x00000007c0000000)
   the space 37296K,  59% used [0x0000000740000000, 0x00000007415d9fe8, 0x00000007415da000, 0x000000074246c000)
 Metaspace       used 6587K, capacity 6760K, committed 6912K, reserved 1056768K
  class space    used 707K, capacity 762K, committed 768K, reserved 1048576K
}
Event: 7.422 GC heap before
{Heap before GC invocations=8 (full 2):
 def new generation   total 16832K, used 14976K [0x0000000700000000, 0x0000000701240000, 0x0000000740000000)
  eden space 14976K, 100% used [0x0000000700000000, 0x0000000700ea0000, 0x0000000700ea0000)
  from space 1856K,   0% used [0x0000000700ea0000, 0x0000000700ea0000, 0x0000000701070000)
  to   space 1856K,   0% used [0x0000000701070000, 0x0000000701070000, 0x0000000701240000)
 tenured generation   total 37296K, used 22375K [0x0000000740000000, 0x000000074246c000, 0x00000007c0000000)
   the space 37296K,  59% used [0x0000000740000000, 0x00000007415d9fe8, 0x00000007415da000, 0x000000074246c000)
 Metaspace       used 6618K, capacity 6824K, committed 6912K, reserved 1056768K
  class space    used 707K, capacity 762K, committed 768K, reserved 1048576K
Event: 7.480 GC heap after
Heap after GC invocations=9 (full 2):
 def new generation   total 16832K, used 1856K [0x0000000700000000, 0x0000000701240000, 0x0000000740000000)
  eden space 14976K,   0% used [0x0000000700000000, 0x0000000700000000, 0x0000000700ea0000)
  from space 1856K, 100% used [0x0000000701070000, 0x0000000701240000, 0x0000000701240000)
  to   space 1856K,   0% used [0x0000000700ea0000, 0x0000000700ea0000, 0x0000000701070000)
 tenured generation   total 37296K, used 30101K [0x0000000740000000, 0x000000074246c000, 0x00000007c0000000)
   the space 37296K,  80% used [0x0000000740000000, 0x0000000741d65540, 0x0000000741d65600, 0x000000074246c000)
 Metaspace       used 6618K, capacity 6824K, committed 6912K, reserved 1056768K
  class space    used 707K, capacity 762K, committed 768K, reserved 1048576K
}
Event: 7.667 GC heap before
{Heap before GC invocations=9 (full 2):
 def new generation   total 16832K, used 16832K [0x0000000700000000, 0x0000000701240000, 0x0000000740000000)
  eden space 14976K, 100% used [0x0000000700000000, 0x0000000700ea0000, 0x0000000700ea0000)
  from space 1856K, 100% used [0x0000000701070000, 0x0000000701240000, 0x0000000701240000)
  to   space 1856K,   0% used [0x0000000700ea0000, 0x0000000700ea0000, 0x0000000701070000)
 tenured generation   total 37296K, used 30101K [0x0000000740000000, 0x000000074246c000, 0x00000007c0000000)
   the space 37296K,  80% used [0x0000000740000000, 0x0000000741d65540, 0x0000000741d65600, 0x000000074246c000)
 Metaspace       used 6624K, capacity 6824K, committed 6912K, reserved 1056768K
  class space    used 707K, capacity 762K, committed 768K, reserved 1048576K
Event: 13.426 GC heap after
Heap after GC invocations=10 (full 3):
 def new generation   total 28224K, used 1758K [0x0000000700000000, 0x0000000701e90000, 0x0000000740000000)
  eden space 25152K,   6% used [0x0000000700000000, 0x00000007001b7978, 0x0000000701890000)
  from space 3072K,   0% used [0x0000000701890000, 0x0000000701890000, 0x0000000701b90000)
  to   space 3072K,   0% used [0x0000000701b90000, 0x0000000701b90000, 0x0000000701e90000)
 tenured generation   total 62480K, used 37487K [0x0000000740000000, 0x0000000743d04000, 0x00000007c0000000)
   the space 62480K,  59% used [0x0000000740000000, 0x000000074249bff0, 0x000000074249c000, 0x0000000743d04000)
 Metaspace       used 6624K, capacity 6824K, committed 6912K, reserved 1056768K
  class space    used 707K, capacity 762K, committed 768K, reserved 1048576K
}
Event: 13.937 GC heap before
{Heap before GC invocations=10 (full 3):
 def new generation   total 28224K, used 25152K [0x0000000700000000, 0x0000000701e90000, 0x0000000740000000)
  eden space 25152K, 100% used [0x0000000700000000, 0x0000000701890000, 0x0000000701890000)
  from space 3072K,   0% used [0x0000000701890000, 0x0000000701890000, 0x0000000701b90000)
  to   space 3072K,   0% used [0x0000000701b90000, 0x0000000701b90000, 0x0000000701e90000)
 tenured generation   total 62480K, used 37487K [0x0000000740000000, 0x0000000743d04000, 0x00000007c0000000)
   the space 62480K,  59% used [0x0000000740000000, 0x000000074249bff0, 0x000000074249c000, 0x0000000743d04000)
 Metaspace       used 6625K, capacity 6824K, committed 6912K, reserved 1056768K
  class space    used 707K, capacity 762K, committed 768K, reserved 1048576K
Event: 22.717 GC heap after
Heap after GC invocations=11 (full 3):
 def new generation   total 28224K, used 3072K [0x0000000700000000, 0x0000000701e90000, 0x0000000740000000)
  eden space 25152K,   0% used [0x0000000700000000, 0x0000000700000000, 0x0000000701890000)
  from space 3072K, 100% used [0x0000000701b90000, 0x0000000701e90000, 0x0000000701e90000)
  to   space 3072K,   0% used [0x0000000701890000, 0x0000000701890000, 0x0000000701b90000)
 tenured generation   total 62480K, used 49057K [0x0000000740000000, 0x0000000743d04000, 0x00000007c0000000)
   the space 62480K,  78% used [0x0000000740000000, 0x0000000742fe86f0, 0x0000000742fe8800, 0x0000000743d04000)
 Metaspace       used 6625K, capacity 6824K, committed 6912K, reserved 1056768K
  class space    used 707K, capacity 762K, committed 768K, reserved 1048576K
}
Event: 31.990 GC heap before
{Heap before GC invocations=11 (full 3):
 def new generation   total 28224K, used 28224K [0x0000000700000000, 0x0000000701e90000, 0x0000000740000000)
  eden space 25152K, 100% used [0x0000000700000000, 0x0000000701890000, 0x0000000701890000)
  from space 3072K, 100% used [0x0000000701b90000, 0x0000000701e90000, 0x0000000701e90000)
  to   space 3072K,   0% used [0x0000000701890000, 0x0000000701890000, 0x0000000701b90000)
 tenured generation   total 62480K, used 49057K [0x0000000740000000, 0x0000000743d04000, 0x00000007c0000000)
   the space 62480K,  78% used [0x0000000740000000, 0x0000000742fe86f0, 0x0000000742fe8800, 0x0000000743d04000)
 Metaspace       used 6625K, capacity 6824K, committed 6912K, reserved 1056768K
  class space    used 707K, capacity 762K, committed 768K, reserved 1048576K

Deoptimization events (9 events):
Event: 3.231 Thread 0x00007f516800b000 Uncommon trap: reason=unstable_if action=reinterpret pc=0x00007f515832e620 method=java.lang.String.replace(CC)Ljava/lang/String; @ 2
Event: 6.451 Thread 0x00007f516800b000 Uncommon trap: reason=predicate action=maybe_recompile pc=0x00007f515839288c method=java.util.AbstractCollection.toArray([Ljava/lang/Object;)[Ljava/lang/Object; @ 49
Event: 6.497 Thread 0x00007f516800b000 Uncommon trap: reason=array_check action=maybe_recompile pc=0x00007f5158391b78 method=java.util.AbstractCollection.toArray([Ljava/lang/Object;)[Ljava/lang/Object; @ 119
Event: 6.497 Thread 0x00007f516800b000 Uncommon trap: reason=array_check action=maybe_recompile pc=0x00007f5158391b78 method=java.util.AbstractCollection.toArray([Ljava/lang/Object;)[Ljava/lang/Object; @ 119
Event: 6.497 Thread 0x00007f516800b000 Uncommon trap: reason=array_check action=maybe_recompile pc=0x00007f5158391b78 method=java.util.AbstractCollection.toArray([Ljava/lang/Object;)[Ljava/lang/Object; @ 119
Event: 6.497 Thread 0x00007f516800b000 Uncommon trap: reason=array_check action=maybe_recompile pc=0x00007f5158391b78 method=java.util.AbstractCollection.toArray([Ljava/lang/Object;)[Ljava/lang/Object; @ 119
Event: 6.665 Thread 0x00007f516800b000 Uncommon trap: reason=unstable_if action=reinterpret pc=0x00007f5158388ebc method=java.io.DataInputStream.readUTF(Ljava/io/DataInput;)Ljava/lang/String; @ 112
Event: 6.831 Thread 0x00007f516800b000 Uncommon trap: reason=unstable_if action=reinterpret pc=0x00007f515839417c method=java.lang.Class.newInstance()Ljava/lang/Object; @ 19
Event: 6.831 Thread 0x00007f516800b000 Uncommon trap: reason=unstable_if action=reinterpret pc=0x00007f515838e984 method=java.lang.reflect.Constructor.newInstance([Ljava/lang/Object;)Ljava/lang/Object; @ 69

Classes redefined (0 events):
No events

Internal exceptions (10 events):
Event: 0.030 Thread 0x00007f516800b000 Exception <a 'java/lang/NoSuchMethodError': Method sun.misc.Unsafe.prefetchRead(Ljava/lang/Object;J)V name or signature does not match> (0x0000000700007f98) thrown at [/build/openjdk-8-wnL82d/openjdk-8-8u171-b11/src/hotspot/src/share/vm/prims/jni.cpp, lin
Event: 1.893 Thread 0x00007f516800b000 Exception <a 'java/lang/NoSuchFieldError': method resolution failed> (0x00000007000ff480) thrown at [/build/openjdk-8-wnL82d/openjdk-8-8u171-b11/src/hotspot/src/share/vm/prims/methodHandles.cpp, line 1167]
Event: 1.911 Thread 0x00007f516800b000 Exception <a 'java/lang/NoSuchFieldError': method resolution failed> (0x000000070010c7e8) thrown at [/build/openjdk-8-wnL82d/openjdk-8-8u171-b11/src/hotspot/src/share/vm/prims/methodHandles.cpp, line 1167]
Event: 3.134 Thread 0x00007f516800b000 Exception <a 'java/security/PrivilegedActionException'> (0x000000070040c328) thrown at [/build/openjdk-8-wnL82d/openjdk-8-8u171-b11/src/hotspot/src/share/vm/prims/jvm.cpp, line 1435]
Event: 3.134 Thread 0x00007f516800b000 Exception <a 'java/security/PrivilegedActionException'> (0x000000070040c538) thrown at [/build/openjdk-8-wnL82d/openjdk-8-8u171-b11/src/hotspot/src/share/vm/prims/jvm.cpp, line 1435]
Event: 3.134 Thread 0x00007f516800b000 Exception <a 'java/security/PrivilegedActionException'> (0x000000070040e7a8) thrown at [/build/openjdk-8-wnL82d/openjdk-8-8u171-b11/src/hotspot/src/share/vm/prims/jvm.cpp, line 1435]
Event: 3.134 Thread 0x00007f516800b000 Exception <a 'java/security/PrivilegedActionException'> (0x000000070040e9b8) thrown at [/build/openjdk-8-wnL82d/openjdk-8-8u171-b11/src/hotspot/src/share/vm/prims/jvm.cpp, line 1435]
Event: 3.134 Thread 0x00007f516800b000 Exception <a 'java/security/PrivilegedActionException'> (0x000000070040f678) thrown at [/build/openjdk-8-wnL82d/openjdk-8-8u171-b11/src/hotspot/src/share/vm/prims/jvm.cpp, line 1435]
Event: 3.134 Thread 0x00007f516800b000 Exception <a 'java/security/PrivilegedActionException'> (0x000000070040f888) thrown at [/build/openjdk-8-wnL82d/openjdk-8-8u171-b11/src/hotspot/src/share/vm/prims/jvm.cpp, line 1435]
Event: 6.831 Thread 0x00007f516800b000 Implicit null exception at 0x00007f515838e567 to 0x00007f515838e975

Events (10 events):
Event: 6.946 loading class edu/stanford/nlp/tagger/maxent/Distsim done
Event: 7.115 Executing VM operation: GenCollectForAllocation
Event: 7.265 Executing VM operation: GenCollectForAllocation done
Event: 7.421 Executing VM operation: GenCollectForAllocation
Event: 7.487 Executing VM operation: GenCollectForAllocation done
Event: 7.667 Executing VM operation: GenCollectForAllocation
Event: 13.497 Executing VM operation: GenCollectForAllocation done
Event: 13.937 Executing VM operation: GenCollectForAllocation
Event: 27.637 Executing VM operation: GenCollectForAllocation done
Event: 31.572 Executing VM operation: GenCollectForAllocation


Dynamic libraries:
00400000-00401000 r-xp 00000000 08:01 278785                             /usr/lib/jvm/java-8-openjdk-amd64/jre/bin/java
00600000-00601000 r--p 00000000 08:01 278785                             /usr/lib/jvm/java-8-openjdk-amd64/jre/bin/java
00601000-00602000 rw-p 00001000 08:01 278785                             /usr/lib/jvm/java-8-openjdk-amd64/jre/bin/java
00abd000-00ade000 rw-p 00000000 00:00 0                                  [heap]
700000000-701e90000 rw-p 00000000 00:00 0 
701e90000-740000000 ---p 00000000 00:00 0 
740000000-743d64000 rw-p 00000000 00:00 0 
74658e000-7c0000000 ---p 00000000 00:00 0 
7c0000000-7c00c0000 rw-p 00000000 00:00 0 
7c00c0000-800000000 ---p 00000000 00:00 0 
7f5138000000-7f5138262000 rw-p 00000000 00:00 0 
7f5138262000-7f513c000000 ---p 00000000 00:00 0 
7f513c000000-7f513c021000 rw-p 00000000 00:00 0 
7f513c021000-7f5140000000 ---p 00000000 00:00 0 
7f5140000000-7f5140021000 rw-p 00000000 00:00 0 
7f5140021000-7f5144000000 ---p 00000000 00:00 0 
7f5144000000-7f51443e7000 rw-p 00000000 00:00 0 
7f51443e7000-7f5148000000 ---p 00000000 00:00 0 
7f5148000000-7f5148021000 rw-p 00000000 00:00 0 
7f5148021000-7f514c000000 ---p 00000000 00:00 0 
7f514c000000-7f514c021000 rw-p 00000000 00:00 0 
7f514c021000-7f5150000000 ---p 00000000 00:00 0 
7f5150000000-7f515003e000 rw-p 00000000 00:00 0 
7f515003e000-7f5154000000 ---p 00000000 00:00 0 
7f515579f000-7f51557e8000 r--s 00620000 08:01 921641                     /home/fz/.config/iepy/stanford-corenlp-full-2015-04-20/stanford-corenlp-3.5.2.jar
7f51557e8000-7f515581f000 r--s 00820000 08:01 921623                     /home/fz/.config/iepy/stanford-corenlp-full-2015-04-20/stanford-corenlp-3.5.2-javadoc.jar
7f515581f000-7f5155820000 ---p 00000000 00:00 0 
7f5155820000-7f5155920000 rw-p 00000000 00:00 0 
7f5155920000-7f5155923000 ---p 00000000 00:00 0 
7f5155923000-7f5155a21000 rw-p 00000000 00:00 0 
7f5155a21000-7f5155a24000 ---p 00000000 00:00 0 
7f5155a24000-7f5155b22000 rw-p 00000000 00:00 0 
7f5155b22000-7f5155b25000 ---p 00000000 00:00 0 
7f5155b25000-7f5155c23000 rw-p 00000000 00:00 0 
7f5155c23000-7f5155c26000 ---p 00000000 00:00 0 
7f5155c26000-7f5155d24000 rw-p 00000000 00:00 0 
7f5155d24000-7f51566e3000 r--p 00000000 08:01 270748                     /usr/lib/locale/locale-archive
7f51566e3000-7f51566e6000 ---p 00000000 00:00 0 
7f51566e6000-7f51567e4000 rw-p 00000000 00:00 0 
7f51567e4000-7f51567e7000 ---p 00000000 00:00 0 
7f51567e7000-7f51568e5000 rw-p 00000000 00:00 0 
7f51568e5000-7f51568e6000 ---p 00000000 00:00 0 
7f51568e6000-7f51569e6000 rw-p 00000000 00:00 0 
7f51569e6000-7f5156bb5000 r--s 03c2f000 08:01 278864                     /usr/lib/jvm/java-8-openjdk-amd64/jre/lib/rt.jar
7f5156bb5000-7f51571b5000 rw-p 00000000 00:00 0 
7f51571b5000-7f51573b5000 ---p 00000000 00:00 0 
7f51573b5000-7f51573d4000 rw-p 00000000 00:00 0 
7f51573d4000-7f51577b6000 ---p 00000000 00:00 0 
7f51577b6000-7f51577c6000 rw-p 00000000 00:00 0 
7f51577c6000-7f51579b6000 ---p 00000000 00:00 0 
7f51579b6000-7f51579d5000 rw-p 00000000 00:00 0 
7f51579d5000-7f5157db6000 ---p 00000000 00:00 0 
7f5157db6000-7f5157dc1000 rw-p 00000000 00:00 0 
7f5157dc1000-7f5158177000 ---p 00000000 00:00 0 
7f5158177000-7f51583f7000 rwxp 00000000 00:00 0 
7f51583f7000-7f5167177000 ---p 00000000 00:00 0 
7f5167177000-7f516717f000 r-xp 00000000 08:01 278827                     /usr/lib/jvm/java-8-openjdk-amd64/jre/lib/amd64/libzip.so
7f516717f000-7f516737e000 ---p 00008000 08:01 278827                     /usr/lib/jvm/java-8-openjdk-amd64/jre/lib/amd64/libzip.so
7f516737e000-7f516737f000 r--p 00007000 08:01 278827                     /usr/lib/jvm/java-8-openjdk-amd64/jre/lib/amd64/libzip.so
7f516737f000-7f5167380000 rw-p 00008000 08:01 278827                     /usr/lib/jvm/java-8-openjdk-amd64/jre/lib/amd64/libzip.so
7f5167380000-7f516738b000 r-xp 00000000 08:01 1313963                    /lib/x86_64-linux-gnu/libnss_files-2.23.so
7f516738b000-7f516758a000 ---p 0000b000 08:01 1313963                    /lib/x86_64-linux-gnu/libnss_files-2.23.so
7f516758a000-7f516758b000 r--p 0000a000 08:01 1313963                    /lib/x86_64-linux-gnu/libnss_files-2.23.so
7f516758b000-7f516758c000 rw-p 0000b000 08:01 1313963                    /lib/x86_64-linux-gnu/libnss_files-2.23.so
7f516758c000-7f5167592000 rw-p 00000000 00:00 0 
7f5167592000-7f516759d000 r-xp 00000000 08:01 1313973                    /lib/x86_64-linux-gnu/libnss_nis-2.23.so
7f516759d000-7f516779c000 ---p 0000b000 08:01 1313973                    /lib/x86_64-linux-gnu/libnss_nis-2.23.so
7f516779c000-7f516779d000 r--p 0000a000 08:01 1313973                    /lib/x86_64-linux-gnu/libnss_nis-2.23.so
7f516779d000-7f516779e000 rw-p 0000b000 08:01 1313973                    /lib/x86_64-linux-gnu/libnss_nis-2.23.so
7f516779e000-7f51677b4000 r-xp 00000000 08:01 1313957                    /lib/x86_64-linux-gnu/libnsl-2.23.so
7f51677b4000-7f51679b3000 ---p 00016000 08:01 1313957                    /lib/x86_64-linux-gnu/libnsl-2.23.so
7f51679b3000-7f51679b4000 r--p 00015000 08:01 1313957                    /lib/x86_64-linux-gnu/libnsl-2.23.so
7f51679b4000-7f51679b5000 rw-p 00016000 08:01 1313957                    /lib/x86_64-linux-gnu/libnsl-2.23.so
7f51679b5000-7f51679b7000 rw-p 00000000 00:00 0 
7f51679b7000-7f51679bf000 r-xp 00000000 08:01 1313959                    /lib/x86_64-linux-gnu/libnss_compat-2.23.so
7f51679bf000-7f5167bbe000 ---p 00008000 08:01 1313959                    /lib/x86_64-linux-gnu/libnss_compat-2.23.so
7f5167bbe000-7f5167bbf000 r--p 00007000 08:01 1313959                    /lib/x86_64-linux-gnu/libnss_compat-2.23.so
7f5167bbf000-7f5167bc0000 rw-p 00008000 08:01 1313959                    /lib/x86_64-linux-gnu/libnss_compat-2.23.so
7f5167bc0000-7f5167bed000 r-xp 00000000 08:01 278818                     /usr/lib/jvm/java-8-openjdk-amd64/jre/lib/amd64/libjava.so
7f5167bed000-7f5167dec000 ---p 0002d000 08:01 278818                     /usr/lib/jvm/java-8-openjdk-amd64/jre/lib/amd64/libjava.so
7f5167dec000-7f5167ded000 r--p 0002c000 08:01 278818                     /usr/lib/jvm/java-8-openjdk-amd64/jre/lib/amd64/libjava.so
7f5167ded000-7f5167def000 rw-p 0002d000 08:01 278818                     /usr/lib/jvm/java-8-openjdk-amd64/jre/lib/amd64/libjava.so
7f5167def000-7f5167dfe000 r-xp 00000000 08:01 278804                     /usr/lib/jvm/java-8-openjdk-amd64/jre/lib/amd64/libverify.so
7f5167dfe000-7f5167ffd000 ---p 0000f000 08:01 278804                     /usr/lib/jvm/java-8-openjdk-amd64/jre/lib/amd64/libverify.so
7f5167ffd000-7f5167fff000 r--p 0000e000 08:01 278804                     /usr/lib/jvm/java-8-openjdk-amd64/jre/lib/amd64/libverify.so
7f5167fff000-7f5168000000 rw-p 00010000 08:01 278804                     /usr/lib/jvm/java-8-openjdk-amd64/jre/lib/amd64/libverify.so
7f5168000000-7f51682b2000 rw-p 00000000 00:00 0 
7f51682b2000-7f516c000000 ---p 00000000 00:00 0 
7f516c002000-7f516c005000 r--s 141bd000 08:01 921620                     /home/fz/.config/iepy/stanford-corenlp-full-2015-04-20/stanford-corenlp-3.5.2-models.jar
7f516c005000-7f516c00a000 r--s 0002f000 08:01 921658                     /home/fz/.config/iepy/stanford-corenlp-full-2015-04-20/ejml-0.23.jar
7f516c00a000-7f516c011000 r--s 00046000 08:01 921655                     /home/fz/.config/iepy/stanford-corenlp-full-2015-04-20/xom.jar
7f516c011000-7f516c014000 r--s 00012000 08:01 921659                     /home/fz/.config/iepy/stanford-corenlp-full-2015-04-20/javax.json.jar
7f516c014000-7f516c01a000 r--s 0005f000 08:01 921642                     /home/fz/.config/iepy/stanford-corenlp-full-2015-04-20/protobuf.jar
7f516c01a000-7f516c01e000 r--s 000a7000 08:01 921634                     /home/fz/.config/iepy/stanford-corenlp-full-2015-04-20/joda-time-2.1-sources.jar
7f516c01e000-7f516c022000 r--s 0002a000 08:01 921657                     /home/fz/.config/iepy/stanford-corenlp-full-2015-04-20/jollyday-0.4.7-sources.jar
7f516c022000-7f516c03d000 r--s 001d6000 08:01 278798                     /usr/lib/jvm/java-8-openjdk-amd64/jre/lib/ext/nashorn.jar
7f516c03d000-7f516c058000 r--s 00394000 08:01 278795                     /usr/lib/jvm/java-8-openjdk-amd64/jre/lib/ext/cldrdata.jar
7f516c058000-7f516c0ce000 rw-p 00000000 00:00 0 
7f516c0ce000-7f516c0d5000 r-xp 00000000 08:01 1314018                    /lib/x86_64-linux-gnu/librt-2.23.so
7f516c0d5000-7f516c2d4000 ---p 00007000 08:01 1314018                    /lib/x86_64-linux-gnu/librt-2.23.so
7f516c2d4000-7f516c2d5000 r--p 00006000 08:01 1314018                    /lib/x86_64-linux-gnu/librt-2.23.so
7f516c2d5000-7f516c2d6000 rw-p 00007000 08:01 1314018                    /lib/x86_64-linux-gnu/librt-2.23.so
7f516c2d6000-7f516c2ec000 r-xp 00000000 08:01 1313902                    /lib/x86_64-linux-gnu/libgcc_s.so.1
7f516c2ec000-7f516c4eb000 ---p 00016000 08:01 1313902                    /lib/x86_64-linux-gnu/libgcc_s.so.1
7f516c4eb000-7f516c4ec000 rw-p 00015000 08:01 1313902                    /lib/x86_64-linux-gnu/libgcc_s.so.1
7f516c4ec000-7f516c5f4000 r-xp 00000000 08:01 1313934                    /lib/x86_64-linux-gnu/libm-2.23.so
7f516c5f4000-7f516c7f3000 ---p 00108000 08:01 1313934                    /lib/x86_64-linux-gnu/libm-2.23.so
7f516c7f3000-7f516c7f4000 r--p 00107000 08:01 1313934                    /lib/x86_64-linux-gnu/libm-2.23.so
7f516c7f4000-7f516c7f5000 rw-p 00108000 08:01 1313934                    /lib/x86_64-linux-gnu/libm-2.23.so
7f516c7f5000-7f516c967000 r-xp 00000000 08:01 273336                     /usr/lib/x86_64-linux-gnu/libstdc++.so.6.0.21
7f516c967000-7f516cb67000 ---p 00172000 08:01 273336                     /usr/lib/x86_64-linux-gnu/libstdc++.so.6.0.21
7f516cb67000-7f516cb71000 r--p 00172000 08:01 273336                     /usr/lib/x86_64-linux-gnu/libstdc++.so.6.0.21
7f516cb71000-7f516cb73000 rw-p 0017c000 08:01 273336                     /usr/lib/x86_64-linux-gnu/libstdc++.so.6.0.21
7f516cb73000-7f516cb77000 rw-p 00000000 00:00 0 
7f516cb77000-7f516d7d0000 r-xp 00000000 08:01 278833                     /usr/lib/jvm/java-8-openjdk-amd64/jre/lib/amd64/server/libjvm.so
7f516d7d0000-7f516d9d0000 ---p 00c59000 08:01 278833                     /usr/lib/jvm/java-8-openjdk-amd64/jre/lib/amd64/server/libjvm.so
7f516d9d0000-7f516da63000 r--p 00c59000 08:01 278833                     /usr/lib/jvm/java-8-openjdk-amd64/jre/lib/amd64/server/libjvm.so
7f516da63000-7f516da8c000 rw-p 00cec000 08:01 278833                     /usr/lib/jvm/java-8-openjdk-amd64/jre/lib/amd64/server/libjvm.so
7f516da8c000-7f516dabc000 rw-p 00000000 00:00 0 
7f516dabc000-7f516dad4000 r-xp 00000000 08:01 1314010                    /lib/x86_64-linux-gnu/libpthread-2.23.so
7f516dad4000-7f516dcd3000 ---p 00018000 08:01 1314010                    /lib/x86_64-linux-gnu/libpthread-2.23.so
7f516dcd3000-7f516dcd4000 r--p 00017000 08:01 1314010                    /lib/x86_64-linux-gnu/libpthread-2.23.so
7f516dcd4000-7f516dcd5000 rw-p 00018000 08:01 1314010                    /lib/x86_64-linux-gnu/libpthread-2.23.so
7f516dcd5000-7f516dcd9000 rw-p 00000000 00:00 0 
7f516dcd9000-7f516dcdc000 r-xp 00000000 08:01 1313888                    /lib/x86_64-linux-gnu/libdl-2.23.so
7f516dcdc000-7f516dedb000 ---p 00003000 08:01 1313888                    /lib/x86_64-linux-gnu/libdl-2.23.so
7f516dedb000-7f516dedc000 r--p 00002000 08:01 1313888                    /lib/x86_64-linux-gnu/libdl-2.23.so
7f516dedc000-7f516dedd000 rw-p 00003000 08:01 1313888                    /lib/x86_64-linux-gnu/libdl-2.23.so
7f516dedd000-7f516def6000 r-xp 00000000 08:01 1314055                    /lib/x86_64-linux-gnu/libz.so.1.2.8
7f516def6000-7f516e0f5000 ---p 00019000 08:01 1314055                    /lib/x86_64-linux-gnu/libz.so.1.2.8
7f516e0f5000-7f516e0f6000 r--p 00018000 08:01 1314055                    /lib/x86_64-linux-gnu/libz.so.1.2.8
7f516e0f6000-7f516e0f7000 rw-p 00019000 08:01 1314055                    /lib/x86_64-linux-gnu/libz.so.1.2.8
7f516e0f7000-7f516e2b7000 r-xp 00000000 08:01 1313864                    /lib/x86_64-linux-gnu/libc-2.23.so
7f516e2b7000-7f516e4b7000 ---p 001c0000 08:01 1313864                    /lib/x86_64-linux-gnu/libc-2.23.so
7f516e4b7000-7f516e4bb000 r--p 001c0000 08:01 1313864                    /lib/x86_64-linux-gnu/libc-2.23.so
7f516e4bb000-7f516e4bd000 rw-p 001c4000 08:01 1313864                    /lib/x86_64-linux-gnu/libc-2.23.so
7f516e4bd000-7f516e4c1000 rw-p 00000000 00:00 0 
7f516e4c1000-7f516e4ce000 r-xp 00000000 08:01 278829                     /usr/lib/jvm/java-8-openjdk-amd64/jre/lib/amd64/jli/libjli.so
7f516e4ce000-7f516e6ce000 ---p 0000d000 08:01 278829                     /usr/lib/jvm/java-8-openjdk-amd64/jre/lib/amd64/jli/libjli.so
7f516e6ce000-7f516e6cf000 r--p 0000d000 08:01 278829                     /usr/lib/jvm/java-8-openjdk-amd64/jre/lib/amd64/jli/libjli.so
7f516e6cf000-7f516e6d0000 rw-p 0000e000 08:01 278829                     /usr/lib/jvm/java-8-openjdk-amd64/jre/lib/amd64/jli/libjli.so
7f516e6d0000-7f516e6f6000 r-xp 00000000 08:01 1313836                    /lib/x86_64-linux-gnu/ld-2.23.so
7f516e6f6000-7f516e6f8000 r--s 0000c000 08:01 921640                     /home/fz/.config/iepy/stanford-corenlp-full-2015-04-20/javax.json-api-1.0-sources.jar
7f516e6f8000-7f516e702000 r--s 00116000 08:01 278800                     /usr/lib/jvm/java-8-openjdk-amd64/jre/lib/ext/localedata.jar
7f516e702000-7f516e708000 r--s 0003b000 08:01 278796                     /usr/lib/jvm/java-8-openjdk-amd64/jre/lib/ext/sunjce_provider.jar
7f516e708000-7f516e7d9000 rw-p 00000000 00:00 0 
7f516e7d9000-7f516e7dc000 ---p 00000000 00:00 0 
7f516e7dc000-7f516e8de000 rw-p 00000000 00:00 0 
7f516e8de000-7f516e8e0000 r--s 00001000 08:01 278793                     /usr/lib/jvm/java-8-openjdk-amd64/jre/lib/ext/dnsns.jar
7f516e8e0000-7f516e8e2000 r--s 00008000 08:01 278791                     /usr/lib/jvm/java-8-openjdk-amd64/jre/lib/ext/sunec.jar
7f516e8e2000-7f516e8e3000 r--s 0000a000 08:01 278799                     /usr/lib/jvm/java-8-openjdk-amd64/jre/lib/ext/jaccess.jar
7f516e8e3000-7f516e8e6000 r--s 00038000 08:01 278794                     /usr/lib/jvm/java-8-openjdk-amd64/jre/lib/ext/sunpkcs11.jar
7f516e8e6000-7f516e8e9000 r--s 0000f000 08:01 278797                     /usr/lib/jvm/java-8-openjdk-amd64/jre/lib/ext/icedtea-sound.jar
7f516e8e9000-7f516e8ea000 r--s 00010000 08:01 278792                     /usr/lib/jvm/java-8-openjdk-amd64/jre/lib/ext/zipfs.jar
7f516e8ea000-7f516e8f2000 rw-s 00000000 08:01 1070946                    /tmp/hsperfdata_fz/2855
7f516e8f2000-7f516e8f3000 rw-p 00000000 00:00 0 
7f516e8f3000-7f516e8f4000 ---p 00000000 00:00 0 
7f516e8f4000-7f516e8f5000 rw-p 00000000 00:00 0 
7f516e8f5000-7f516e8f6000 r--p 00025000 08:01 1313836                    /lib/x86_64-linux-gnu/ld-2.23.so
7f516e8f6000-7f516e8f7000 rw-p 00026000 08:01 1313836                    /lib/x86_64-linux-gnu/ld-2.23.so
7f516e8f7000-7f516e8f8000 rw-p 00000000 00:00 0 
7ffd7a83b000-7ffd7a85c000 rw-p 00000000 00:00 0                          [stack]
7ffd7a85e000-7ffd7a861000 r--p 00000000 00:00 0                          [vvar]
7ffd7a861000-7ffd7a863000 r-xp 00000000 00:00 0                          [vdso]
ffffffffff600000-ffffffffff601000 r-xp 00000000 00:00 0                  [vsyscall]

VM Arguments:
jvm_args: -Xmx3g 
java_command: edu.stanford.nlp.pipeline.StanfordCoreNLP -outputFormat xml -threads 4 -annotators tokenize,ssplit,pos,lemma,ner,parse,dcoref
java_class_path (initial): /home/fz/.config/iepy/stanford-corenlp-full-2015-04-20/jollyday-0.4.7-sources.jar:/home/fz/.config/iepy/stanford-corenlp-full-2015-04-20/joda-time-2.1-sources.jar:/home/fz/.config/iepy/stanford-corenlp-full-2015-04-20/protobuf.jar:/home/fz/.config/iepy/stanford-corenlp-full-2015-04-20/javax.json.jar:/home/fz/.config/iepy/stanford-corenlp-full-2015-04-20/stanford-corenlp-3.5.2-javadoc.jar:/home/fz/.config/iepy/stanford-corenlp-full-2015-04-20/javax.json-api-1.0-sources.jar:/home/fz/.config/iepy/stanford-corenlp-full-2015-04-20/stanford-corenlp-3.5.2.jar:/home/fz/.config/iepy/stanford-corenlp-full-2015-04-20/xom.jar:/home/fz/.config/iepy/stanford-corenlp-full-2015-04-20/ejml-0.23.jar:/home/fz/.config/iepy/stanford-corenlp-full-2015-04-20/stanford-corenlp-3.5.2-models.jar:/home/fz/.config/iepy/stanford-corenlp-full-2015-04-20/joda-time.jar:/home/fz/.config/iepy/stanford-corenlp-full-2015-04-20/jollyday.jar:/home/fz/.config/iepy/stanford-corenlp-full-2015-04-20/stanford-corenlp-3.5.2-sources.jar:/home/fz/.config/iepy/stanford-corenlp-full-2015-04-20/xom-1.2.10-src.jar
Launcher Type: SUN_STANDARD

Environment Variables:
PATH=/home/fz/x/env/workon_home/ie_1/bin:/home/fz/bin:/home/fz/.local/bin:/usr/local/sbin:/usr/local/bin:/usr/sbin:/usr/bin:/sbin:/bin:/usr/games:/usr/local/games:/snap/bin
SHELL=/bin/bash
DISPLAY=:0

Signal Handlers:
SIGSEGV: [libjvm.so+0xa6e6f0], sa_mask[0]=11111111011111111101111111111110, sa_flags=SA_RESTART|SA_SIGINFO
SIGBUS: [libjvm.so+0xa6e6f0], sa_mask[0]=11111111011111111101111111111110, sa_flags=SA_RESTART|SA_SIGINFO
SIGFPE: [libjvm.so+0x8b5d50], sa_mask[0]=11111111011111111101111111111110, sa_flags=SA_RESTART|SA_SIGINFO
SIGPIPE: [libjvm.so+0x8b5d50], sa_mask[0]=11111111011111111101111111111110, sa_flags=SA_RESTART|SA_SIGINFO
SIGXFSZ: [libjvm.so+0x8b5d50], sa_mask[0]=11111111011111111101111111111110, sa_flags=SA_RESTART|SA_SIGINFO
SIGILL: [libjvm.so+0x8b5d50], sa_mask[0]=11111111011111111101111111111110, sa_flags=SA_RESTART|SA_SIGINFO
SIGUSR1: SIG_DFL, sa_mask[0]=00000000000000000000000000000000, sa_flags=none
SIGUSR2: [libjvm.so+0x8b5c00], sa_mask[0]=00000000000000000000000000000000, sa_flags=SA_RESTART|SA_SIGINFO
SIGHUP: [libjvm.so+0x8b60d0], sa_mask[0]=11111111011111111101111111111110, sa_flags=SA_RESTART|SA_SIGINFO
SIGINT: [libjvm.so+0x8b60d0], sa_mask[0]=11111111011111111101111111111110, sa_flags=SA_RESTART|SA_SIGINFO
SIGTERM: [libjvm.so+0x8b60d0], sa_mask[0]=11111111011111111101111111111110, sa_flags=SA_RESTART|SA_SIGINFO
SIGQUIT: [libjvm.so+0x8b60d0], sa_mask[0]=11111111011111111101111111111110, sa_flags=SA_RESTART|SA_SIGINFO


---------------  S Y S T E M  ---------------

OS:DISTRIB_ID=Ubuntu
DISTRIB_RELEASE=16.04
DISTRIB_CODENAME=xenial
DISTRIB_DESCRIPTION="Ubuntu 16.04.5 LTS"

uname:Linux 4.15.0-29-generic #31~16.04.1-Ubuntu SMP Wed Jul 18 08:54:04 UTC 2018 x86_64
libc:glibc 2.23 NPTL 2.23 
rlimit: STACK 8192k, CORE 0k, NPROC 3615, NOFILE 1048576, AS infinity
load average:11.80 7.32 3.98

/proc/meminfo:
MemTotal:         985088 kB
MemFree:           49272 kB
MemAvailable:          0 kB
Buffers:             612 kB
Cached:            14024 kB
SwapCached:          456 kB
Active:           349716 kB
Inactive:         350544 kB
Active(anon):     344444 kB
Inactive(anon):   344200 kB
Active(file):       5272 kB
Inactive(file):     6344 kB
Unevictable:          48 kB
Mlocked:              48 kB
SwapTotal:        998396 kB
SwapFree:              8 kB
Dirty:                28 kB
Writeback:           424 kB
AnonPages:        685264 kB
Mapped:             8364 kB
Shmem:              2984 kB
Slab:              74752 kB
SReclaimable:      29308 kB
SUnreclaim:        45444 kB
KernelStack:       10304 kB
PageTables:        32880 kB
NFS_Unstable:          0 kB
Bounce:                0 kB
WritebackTmp:          0 kB
CommitLimit:     1490940 kB
Committed_AS:    4755252 kB
VmallocTotal:   34359738367 kB
VmallocUsed:           0 kB
VmallocChunk:          0 kB
HardwareCorrupted:     0 kB
AnonHugePages:         0 kB
ShmemHugePages:        0 kB
ShmemPmdMapped:        0 kB
CmaTotal:              0 kB
CmaFree:               0 kB
HugePages_Total:       0
HugePages_Free:        0
HugePages_Rsvd:        0
HugePages_Surp:        0
Hugepagesize:       2048 kB
DirectMap4k:       79744 kB
DirectMap2M:      968704 kB
DirectMap1G:           0 kB


CPU:total 1 (initial active 1) (1 cores per cpu, 1 threads per core) family 6 model 142 stepping 10, cmov, cx8, fxsr, mmx, sse, sse2, sse3, ssse3, sse4.1, sse4.2, popcnt, avx, avx2, aes, clmul, erms, 3dnowpref, lzcnt, tsc, tscinvbit, bmi1, bmi2, adx

/proc/cpuinfo:
processor	: 0
vendor_id	: GenuineIntel
cpu family	: 6
model		: 142
model name	: Intel(R) Core(TM) i7-8550U CPU @ 1.80GHz
stepping	: 10
microcode	: 0x70
cpu MHz		: 2001.000
cache size	: 8192 KB
physical id	: 0
siblings	: 1
core id		: 0
cpu cores	: 1
apicid		: 0
initial apicid	: 0
fpu		: yes
fpu_exception	: yes
cpuid level	: 22
wp		: yes
flags		: fpu vme de pse tsc msr pae mce cx8 apic sep mtrr pge mca cmov pat pse36 clflush mmx fxsr sse sse2 ss syscall nx pdpe1gb rdtscp lm constant_tsc arch_perfmon nopl xtopology tsc_reliable nonstop_tsc cpuid pni pclmulqdq ssse3 fma cx16 pcid sse4_1 sse4_2 x2apic movbe popcnt tsc_deadline_timer aes xsave avx f16c rdrand hypervisor lahf_lm abm 3dnowprefetch cpuid_fault invpcid_single pti fsgsbase tsc_adjust bmi1 avx2 smep bmi2 invpcid mpx rdseed adx smap clflushopt xsaveopt xsavec xsaves arat
bugs		: cpu_meltdown spectre_v1 spectre_v2 spec_store_bypass
bogomips	: 4002.00
clflush size	: 64
cache_alignment	: 64
address sizes	: 43 bits physical, 48 bits virtual
power management:



Memory: 4k page, physical 985088k(49272k free), swap 998396k(8k free)

vm_info: OpenJDK 64-Bit Server VM (25.171-b11) for linux-amd64 JRE (1.8.0_171-8u171-b11-0ubuntu0.16.04.1-b11), built on Apr 27 2018 17:19:03 by "buildd" with gcc 5.4.0 20160609

time: Sat Aug  4 09:42:40 2018
elapsed time: 193 seconds (0d 0h 3m 13s)

